{"level":"info","message":"AvwiLmqEzJ3sQrWWAaq2ADEgrNywtnzig3FrWcAcuqPB PLAY FOR 0.01 | result: WIN (SUCCESS)","timestamp":"2022-09-13T22:15:16.930Z"}
{"level":"info","message":"AvwiLmqEzJ3sQrWWAaq2ADEgrNywtnzig3FrWcAcuqPB PLAY FOR 0.01 | result: WIN (SUCCESS)","timestamp":"2022-09-13T22:15:33.578Z"}
{"level":"info","message":"AvwiLmqEzJ3sQrWWAaq2ADEgrNywtnzig3FrWcAcuqPB PLAY FOR 0.01 | result: LOSE (SUCCESS)","timestamp":"2022-09-13T22:15:45.752Z"}
{"level":"info","message":"AvwiLmqEzJ3sQrWWAaq2ADEgrNywtnzig3FrWcAcuqPB PLAY FOR 0.01 | result: LOSE (SUCCESS)","timestamp":"2022-09-13T22:17:14.012Z"}
{"level":"info","message":"AvwiLmqEzJ3sQrWWAaq2ADEgrNywtnzig3FrWcAcuqPB PLAY FOR 0.01 | result: LOSE (SUCCESS)","timestamp":"2022-09-13T22:24:36.078Z"}
{"level":"info","message":"AvwiLmqEzJ3sQrWWAaq2ADEgrNywtnzig3FrWcAcuqPB PLAY FOR 0.01 | result: LOSE (SUCCESS)","timestamp":"2022-09-13T22:24:50.221Z"}
{"level":"info","message":"AvwiLmqEzJ3sQrWWAaq2ADEgrNywtnzig3FrWcAcuqPB PLAY FOR 0.01 | result: WIN (SUCCESS)","timestamp":"2022-09-13T22:25:11.246Z"}
{"level":"info","message":"AvwiLmqEzJ3sQrWWAaq2ADEgrNywtnzig3FrWcAcuqPB PLAY FOR 0.01 | result: LOSE (SUCCESS)","timestamp":"2022-09-13T22:30:00.270Z"}
{"level":"info","message":"AvwiLmqEzJ3sQrWWAaq2ADEgrNywtnzig3FrWcAcuqPB PLAY FOR 0.01 | result: WIN (SUCCESS)","timestamp":"2022-09-13T22:30:19.837Z"}
{"level":"info","message":"AvwiLmqEzJ3sQrWWAaq2ADEgrNywtnzig3FrWcAcuqPB PLAY FOR 0.01 | result: LOSE (SUCCESS)","timestamp":"2022-09-13T22:30:31.513Z"}
{"level":"info","message":"AvwiLmqEzJ3sQrWWAaq2ADEgrNywtnzig3FrWcAcuqPB PLAY FOR 0.01 | result: LOSE (SUCCESS)","timestamp":"2022-09-13T22:30:43.619Z"}
{"level":"info","message":"AvwiLmqEzJ3sQrWWAaq2ADEgrNywtnzig3FrWcAcuqPB PLAY FOR 0.01 | result: LOSE (SUCCESS)","timestamp":"2022-09-13T22:34:04.326Z"}
{"level":"info","message":"AvwiLmqEzJ3sQrWWAaq2ADEgrNywtnzig3FrWcAcuqPB PLAY FOR 0.01 | result: LOSE (SUCCESS)","timestamp":"2022-09-13T22:38:45.996Z"}
{"level":"info","message":"AvwiLmqEzJ3sQrWWAaq2ADEgrNywtnzig3FrWcAcuqPB PLAY FOR 0.01 | result: LOSE (SUCCESS)","timestamp":"2022-09-13T22:38:46.612Z"}
{"level":"info","message":"AvwiLmqEzJ3sQrWWAaq2ADEgrNywtnzig3FrWcAcuqPB PLAY FOR 0.01 | result: LOSE (SUCCESS)","timestamp":"2022-09-13T22:38:47.672Z"}
{"level":"info","message":"AvwiLmqEzJ3sQrWWAaq2ADEgrNywtnzig3FrWcAcuqPB PLAY FOR 0.01 | result: LOSE (SUCCESS)","timestamp":"2022-09-13T22:38:48.383Z"}
{"level":"info","message":"AvwiLmqEzJ3sQrWWAaq2ADEgrNywtnzig3FrWcAcuqPB PLAY FOR 0.01 | result: LOSE (SUCCESS)","timestamp":"2022-09-13T22:40:25.312Z"}
{"level":"info","message":"463HPDcdQE1T4tDfPgJniGePXi827gZYf27h9LEqVTb3 PLAY FOR 0.01 | result: WIN (SUCCESS)","timestamp":"2022-09-13T22:42:01.277Z"}
{"level":"info","message":"463HPDcdQE1T4tDfPgJniGePXi827gZYf27h9LEqVTb3 PLAY FOR 0.01 | result: LOSE (SUCCESS)","timestamp":"2022-09-13T22:43:18.201Z"}
{"level":"info","message":"463HPDcdQE1T4tDfPgJniGePXi827gZYf27h9LEqVTb3 PLAY FOR 0.01 | result: LOSE (SUCCESS)","timestamp":"2022-09-13T22:43:31.194Z"}
{"level":"info","message":"463HPDcdQE1T4tDfPgJniGePXi827gZYf27h9LEqVTb3 PLAY FOR 0.01 | result: LOSE (SUCCESS)","timestamp":"2022-09-13T22:47:06.697Z"}
{"level":"info","message":"463HPDcdQE1T4tDfPgJniGePXi827gZYf27h9LEqVTb3 PLAY FOR 0.01 | result: LOSE (SUCCESS)","timestamp":"2022-09-13T22:47:42.528Z"}
{"level":"info","message":"463HPDcdQE1T4tDfPgJniGePXi827gZYf27h9LEqVTb3 PLAY FOR 0.01 | result: LOSE (SUCCESS)","timestamp":"2022-09-13T22:47:53.825Z"}
{"level":"info","message":"463HPDcdQE1T4tDfPgJniGePXi827gZYf27h9LEqVTb3 PLAY FOR 0.01 | result: WIN (SUCCESS)","timestamp":"2022-09-13T22:48:13.285Z"}
{"level":"info","message":"463HPDcdQE1T4tDfPgJniGePXi827gZYf27h9LEqVTb3 PLAY FOR 0.01 | result: WIN (SUCCESS)","timestamp":"2022-09-13T22:48:46.476Z"}
{"level":"info","message":"463HPDcdQE1T4tDfPgJniGePXi827gZYf27h9LEqVTb3 PLAY FOR 0.01 | result: LOSE (SUCCESS)","timestamp":"2022-09-13T22:49:03.041Z"}
{"level":"info","message":"463HPDcdQE1T4tDfPgJniGePXi827gZYf27h9LEqVTb3 PLAY FOR 0.01 | result: LOSE (SUCCESS)","timestamp":"2022-09-13T22:50:21.033Z"}
{"level":"info","message":"463HPDcdQE1T4tDfPgJniGePXi827gZYf27h9LEqVTb3 PLAY FOR 0.01 | result: LOSE (SUCCESS)","timestamp":"2022-09-13T22:51:52.812Z"}
{"level":"info","message":"463HPDcdQE1T4tDfPgJniGePXi827gZYf27h9LEqVTb3 PLAY FOR 0.01 | result: WIN (SUCCESS)","timestamp":"2022-09-13T22:52:28.113Z"}
{"level":"info","message":"463HPDcdQE1T4tDfPgJniGePXi827gZYf27h9LEqVTb3 PLAY FOR 0.01 | result: LOSE (SUCCESS)","timestamp":"2022-09-13T22:53:12.680Z"}
{"level":"info","message":"463HPDcdQE1T4tDfPgJniGePXi827gZYf27h9LEqVTb3 PLAY FOR 0.01 | result: LOSE (SUCCESS)","timestamp":"2022-09-13T22:53:26.347Z"}
{"level":"info","message":"463HPDcdQE1T4tDfPgJniGePXi827gZYf27h9LEqVTb3 PLAY FOR 0.01 | result: LOSE (SUCCESS)","timestamp":"2022-09-13T22:54:51.226Z"}
{"level":"info","message":"463HPDcdQE1T4tDfPgJniGePXi827gZYf27h9LEqVTb3 PLAY FOR 0.01 | result: LOSE (SUCCESS)","timestamp":"2022-09-13T22:59:25.310Z"}
{"level":"info","message":"463HPDcdQE1T4tDfPgJniGePXi827gZYf27h9LEqVTb3 PLAY FOR 0.01 | result: LOSE (SUCCESS)","timestamp":"2022-09-13T23:06:55.881Z"}
{"level":"info","message":"463HPDcdQE1T4tDfPgJniGePXi827gZYf27h9LEqVTb3 PLAY FOR 0.01 | result: LOSE (SUCCESS)","timestamp":"2022-09-13T23:07:09.378Z"}
{"level":"info","message":"463HPDcdQE1T4tDfPgJniGePXi827gZYf27h9LEqVTb3 PLAY FOR 0.01 | result: LOSE (SUCCESS)","timestamp":"2022-09-13T23:07:42.861Z"}
{"level":"info","message":"463HPDcdQE1T4tDfPgJniGePXi827gZYf27h9LEqVTb3 PLAY FOR 0.01 | result: WIN (SUCCESS)","timestamp":"2022-09-13T23:07:47.530Z"}
{"level":"info","message":"463HPDcdQE1T4tDfPgJniGePXi827gZYf27h9LEqVTb3 PLAY FOR 0.01 | result: WIN (SUCCESS)","timestamp":"2022-09-13T23:08:39.202Z"}
{"level":"info","message":"463HPDcdQE1T4tDfPgJniGePXi827gZYf27h9LEqVTb3 PLAY FOR 0.01 | result: LOSE (SUCCESS)","timestamp":"2022-09-13T23:08:45.540Z"}
{"level":"info","message":"463HPDcdQE1T4tDfPgJniGePXi827gZYf27h9LEqVTb3 PLAY FOR 0.01 | result: LOSE (SUCCESS)","timestamp":"2022-09-13T23:08:56.174Z"}
{"level":"info","message":"463HPDcdQE1T4tDfPgJniGePXi827gZYf27h9LEqVTb3 SET BALANCE => 1 | signature: 3MTZskyha8DpncP1fG6s1ipCJgkRK4th2PHxGXWBtjLenJ16VKNgp3BWtepaG5gqHToRqY5gRYevmodwkWPFQtXY (SUCCESS)","timestamp":"2022-09-13T23:09:57.732Z"}
{"level":"info","message":"463HPDcdQE1T4tDfPgJniGePXi827gZYf27h9LEqVTb3 PLAY FOR 0.5 | result: LOSE (SUCCESS)","timestamp":"2022-09-13T23:10:02.970Z"}
{"level":"info","message":"463HPDcdQE1T4tDfPgJniGePXi827gZYf27h9LEqVTb3 PLAY FOR 0.5 | result: WIN (SUCCESS)","timestamp":"2022-09-13T23:10:13.606Z"}
{"level":"info","message":"463HPDcdQE1T4tDfPgJniGePXi827gZYf27h9LEqVTb3 PLAY FOR 0.01 | result: WIN (SUCCESS)","timestamp":"2022-09-13T23:10:25.251Z"}
{"level":"info","message":"463HPDcdQE1T4tDfPgJniGePXi827gZYf27h9LEqVTb3 WITHDRAW 1 (SUCCESS)","timestamp":"2022-09-13T23:10:39.757Z"}
{"level":"info","message":"463HPDcdQE1T4tDfPgJniGePXi827gZYf27h9LEqVTb3 PLAY FOR 0.01 | result: LOSE (SUCCESS)","timestamp":"2022-09-14T18:13:59.784Z"}
{"level":"info","message":"463HPDcdQE1T4tDfPgJniGePXi827gZYf27h9LEqVTb3 PLAY FOR 0.01 | result: WIN (SUCCESS)","timestamp":"2022-09-14T18:14:09.124Z"}
{"level":"info","message":"463HPDcdQE1T4tDfPgJniGePXi827gZYf27h9LEqVTb3 PLAY FOR 0.01 | result: LOSE (SUCCESS)","timestamp":"2022-09-14T18:14:56.034Z"}
{"level":"info","message":"463HPDcdQE1T4tDfPgJniGePXi827gZYf27h9LEqVTb3 PLAY FOR 0.01 | result: LOSE (SUCCESS)","timestamp":"2022-09-14T18:17:07.363Z"}
{"level":"info","message":"463HPDcdQE1T4tDfPgJniGePXi827gZYf27h9LEqVTb3 PLAY FOR 0.01 | result: LOSE (SUCCESS)","timestamp":"2022-09-14T18:18:09.500Z"}
{"level":"info","message":"463HPDcdQE1T4tDfPgJniGePXi827gZYf27h9LEqVTb3 PLAY FOR 0.01 | result: LOSE (SUCCESS)","timestamp":"2022-09-14T18:18:30.733Z"}
{"level":"info","message":"463HPDcdQE1T4tDfPgJniGePXi827gZYf27h9LEqVTb3 PLAY FOR 0.01 | result: LOSE (SUCCESS)","timestamp":"2022-09-14T18:29:36.150Z"}
{"level":"info","message":"463HPDcdQE1T4tDfPgJniGePXi827gZYf27h9LEqVTb3 PLAY FOR 0.01 | result: LOSE (SUCCESS)","timestamp":"2022-09-14T18:30:30.903Z"}
{"level":"info","message":"463HPDcdQE1T4tDfPgJniGePXi827gZYf27h9LEqVTb3 PLAY FOR 0.01 | result: LOSE (SUCCESS)","timestamp":"2022-09-14T18:32:07.227Z"}
{"level":"info","message":"463HPDcdQE1T4tDfPgJniGePXi827gZYf27h9LEqVTb3 PLAY FOR 0.01 | result: LOSE (SUCCESS)","timestamp":"2022-09-14T18:32:16.613Z"}
{"level":"info","message":"463HPDcdQE1T4tDfPgJniGePXi827gZYf27h9LEqVTb3 PLAY FOR 0.01 | result: LOSE (SUCCESS)","timestamp":"2022-09-14T18:32:25.462Z"}
{"level":"info","message":"463HPDcdQE1T4tDfPgJniGePXi827gZYf27h9LEqVTb3 PLAY FOR 0.01 | result: LOSE (SUCCESS)","timestamp":"2022-09-14T18:32:33.503Z"}
{"level":"info","message":"463HPDcdQE1T4tDfPgJniGePXi827gZYf27h9LEqVTb3 PLAY FOR 0.01 | result: LOSE (SUCCESS)","timestamp":"2022-09-14T18:32:42.459Z"}
{"level":"info","message":"463HPDcdQE1T4tDfPgJniGePXi827gZYf27h9LEqVTb3 PLAY FOR 0.01 | result: LOSE (SUCCESS)","timestamp":"2022-09-14T18:32:51.974Z"}
{"level":"info","message":"463HPDcdQE1T4tDfPgJniGePXi827gZYf27h9LEqVTb3 PLAY FOR 0.01 | result: LOSE (SUCCESS)","timestamp":"2022-09-14T18:32:59.864Z"}
{"level":"info","message":"463HPDcdQE1T4tDfPgJniGePXi827gZYf27h9LEqVTb3 PLAY FOR 0.01 | result: LOSE (SUCCESS)","timestamp":"2022-09-14T18:33:07.638Z"}
{"level":"info","message":"463HPDcdQE1T4tDfPgJniGePXi827gZYf27h9LEqVTb3 PLAY FOR 0.01 | result: WIN (SUCCESS)","timestamp":"2022-09-14T18:33:15.686Z"}
{"level":"info","message":"463HPDcdQE1T4tDfPgJniGePXi827gZYf27h9LEqVTb3 PLAY FOR 0.01 | result: LOSE (SUCCESS)","timestamp":"2022-09-14T18:33:34.728Z"}
{"level":"info","message":"463HPDcdQE1T4tDfPgJniGePXi827gZYf27h9LEqVTb3 PLAY FOR 0.01 | result: LOSE (SUCCESS)","timestamp":"2022-09-14T18:44:26.194Z"}
{"level":"info","message":"463HPDcdQE1T4tDfPgJniGePXi827gZYf27h9LEqVTb3 PLAY FOR 0.01 | result: LOSE (SUCCESS)","timestamp":"2022-09-14T18:51:24.177Z"}
{"level":"info","message":"463HPDcdQE1T4tDfPgJniGePXi827gZYf27h9LEqVTb3 PLAY FOR 0.01 | result: LOSE (SUCCESS)","timestamp":"2022-09-14T18:52:05.155Z"}
{"level":"info","message":"463HPDcdQE1T4tDfPgJniGePXi827gZYf27h9LEqVTb3 PLAY FOR 0.01 | result: LOSE (SUCCESS)","timestamp":"2022-09-14T18:52:48.040Z"}
{"level":"info","message":"463HPDcdQE1T4tDfPgJniGePXi827gZYf27h9LEqVTb3 PLAY FOR 0.01 | result: LOSE (SUCCESS)","timestamp":"2022-09-14T18:54:20.076Z"}
{"level":"info","message":"463HPDcdQE1T4tDfPgJniGePXi827gZYf27h9LEqVTb3 PLAY FOR 0.01 | result: LOSE (SUCCESS)","timestamp":"2022-09-14T18:55:37.089Z"}
{"level":"info","message":"463HPDcdQE1T4tDfPgJniGePXi827gZYf27h9LEqVTb3 PLAY FOR 0.01 | result: LOSE (SUCCESS)","timestamp":"2022-09-14T18:56:15.506Z"}
{"level":"info","message":"463HPDcdQE1T4tDfPgJniGePXi827gZYf27h9LEqVTb3 PLAY FOR 0.01 | result: LOSE (SUCCESS)","timestamp":"2022-09-14T18:56:43.192Z"}
{"level":"info","message":"463HPDcdQE1T4tDfPgJniGePXi827gZYf27h9LEqVTb3 PLAY FOR 0.01 | result: LOSE (SUCCESS)","timestamp":"2022-09-14T18:57:09.804Z"}
{"level":"info","message":"463HPDcdQE1T4tDfPgJniGePXi827gZYf27h9LEqVTb3 PLAY FOR 0.01 | result: LOSE (SUCCESS)","timestamp":"2022-09-14T18:57:33.073Z"}
{"level":"info","message":"463HPDcdQE1T4tDfPgJniGePXi827gZYf27h9LEqVTb3 PLAY FOR 0.01 | result: LOSE (SUCCESS)","timestamp":"2022-09-14T18:57:44.164Z"}
{"level":"info","message":"463HPDcdQE1T4tDfPgJniGePXi827gZYf27h9LEqVTb3 PLAY FOR 0.01 | result: LOSE (SUCCESS)","timestamp":"2022-09-14T18:57:52.873Z"}
{"level":"info","message":"463HPDcdQE1T4tDfPgJniGePXi827gZYf27h9LEqVTb3 PLAY FOR 0.01 | result: LOSE (SUCCESS)","timestamp":"2022-09-14T18:58:02.962Z"}
{"level":"info","message":"463HPDcdQE1T4tDfPgJniGePXi827gZYf27h9LEqVTb3 PLAY FOR 0.01 | result: LOSE (SUCCESS)","timestamp":"2022-09-14T18:58:09.935Z"}
{"level":"info","message":"463HPDcdQE1T4tDfPgJniGePXi827gZYf27h9LEqVTb3 PLAY FOR 0.01 | result: LOSE (SUCCESS)","timestamp":"2022-09-14T18:58:16.990Z"}
{"level":"info","message":"463HPDcdQE1T4tDfPgJniGePXi827gZYf27h9LEqVTb3 PLAY FOR 0.01 | result: LOSE (SUCCESS)","timestamp":"2022-09-14T18:59:00.371Z"}
{"level":"info","message":"463HPDcdQE1T4tDfPgJniGePXi827gZYf27h9LEqVTb3 PLAY FOR 0.01 | result: WIN (SUCCESS)","timestamp":"2022-09-14T18:59:06.895Z"}
{"level":"info","message":"463HPDcdQE1T4tDfPgJniGePXi827gZYf27h9LEqVTb3 PLAY FOR 0.01 | result: WIN (SUCCESS)","timestamp":"2022-09-14T19:01:21.294Z"}
{"level":"info","message":"463HPDcdQE1T4tDfPgJniGePXi827gZYf27h9LEqVTb3 SET BALANCE => 1 | signature: 3XA25FqbajiyKNk6uFeL9wb3j3D9m8KEXUdW2Q3qfj4k3sGsN7ynPL12CSuddtYHHwqrujA33vUDiYHEfbmLRLo8 (SUCCESS)","timestamp":"2022-09-14T19:02:25.147Z"}
{"level":"info","message":"463HPDcdQE1T4tDfPgJniGePXi827gZYf27h9LEqVTb3 PLAY FOR 0.5 | result: LOSE (SUCCESS)","timestamp":"2022-09-14T19:02:31.968Z"}
{"level":"info","message":"463HPDcdQE1T4tDfPgJniGePXi827gZYf27h9LEqVTb3 PLAY FOR 0.01 | result: LOSE (SUCCESS)","timestamp":"2022-09-14T19:02:42.067Z"}
{"level":"info","message":"463HPDcdQE1T4tDfPgJniGePXi827gZYf27h9LEqVTb3 PLAY FOR 1 | result: LOSE (SUCCESS)","timestamp":"2022-09-14T19:02:50.519Z"}
{"level":"info","message":"463HPDcdQE1T4tDfPgJniGePXi827gZYf27h9LEqVTb3 PLAY FOR 0.5 | result: LOSE (SUCCESS)","timestamp":"2022-09-14T19:03:03.544Z"}
{"level":"info","message":"463HPDcdQE1T4tDfPgJniGePXi827gZYf27h9LEqVTb3 PLAY FOR 0.1 | result: WIN (SUCCESS)","timestamp":"2022-09-14T19:03:12.643Z"}
{"level":"info","message":"463HPDcdQE1T4tDfPgJniGePXi827gZYf27h9LEqVTb3 WITHDRAW 0.5 (SUCCESS)","timestamp":"2022-09-14T19:03:26.741Z"}
{"level":"info","message":"463HPDcdQE1T4tDfPgJniGePXi827gZYf27h9LEqVTb3 SET BALANCE => 1 | signature: 48qrhbNPJ4QSzCgZFfjoMwGQaQss8wXiWUYWri63Rtw3DpSQRG32Ueh2t7wCbz7xaoyahVQ6U4drtUbzsMKuRQoS (SUCCESS)","timestamp":"2022-09-14T19:26:37.936Z"}
{"level":"info","message":"463HPDcdQE1T4tDfPgJniGePXi827gZYf27h9LEqVTb3 PLAY FOR 0.5 | result: LOSE (SUCCESS)","timestamp":"2022-09-14T19:26:46.210Z"}
{"level":"info","message":"463HPDcdQE1T4tDfPgJniGePXi827gZYf27h9LEqVTb3 PLAY FOR 0.25 | result: LOSE (SUCCESS)","timestamp":"2022-09-14T19:26:55.239Z"}
{"level":"info","message":"463HPDcdQE1T4tDfPgJniGePXi827gZYf27h9LEqVTb3 PLAY FOR 0.25 | result: WIN (SUCCESS)","timestamp":"2022-09-14T19:27:03.377Z"}
{"level":"info","message":"463HPDcdQE1T4tDfPgJniGePXi827gZYf27h9LEqVTb3 PLAY FOR 0.25 | result: LOSE (SUCCESS)","timestamp":"2022-09-14T19:27:10.562Z"}
{"level":"info","message":"463HPDcdQE1T4tDfPgJniGePXi827gZYf27h9LEqVTb3 PLAY FOR 0.25 | result: LOSE (SUCCESS)","timestamp":"2022-09-14T19:27:17.843Z"}
{"level":"info","message":"463HPDcdQE1T4tDfPgJniGePXi827gZYf27h9LEqVTb3 PLAY FOR 0.25 | result: WIN (SUCCESS)","timestamp":"2022-09-14T19:27:25.530Z"}
{"level":"info","message":"463HPDcdQE1T4tDfPgJniGePXi827gZYf27h9LEqVTb3 PLAY FOR 0.25 | result: LOSE (SUCCESS)","timestamp":"2022-09-14T19:27:32.695Z"}
{"level":"info","message":"463HPDcdQE1T4tDfPgJniGePXi827gZYf27h9LEqVTb3 PLAY FOR 0.25 | result: LOSE (SUCCESS)","timestamp":"2022-09-14T19:27:39.523Z"}
{"level":"info","message":"463HPDcdQE1T4tDfPgJniGePXi827gZYf27h9LEqVTb3 PLAY FOR 0.25 | result: WIN (SUCCESS)","timestamp":"2022-09-14T19:27:46.343Z"}
{"level":"info","message":"463HPDcdQE1T4tDfPgJniGePXi827gZYf27h9LEqVTb3 PLAY FOR 0.25 | result: WIN (SUCCESS)","timestamp":"2022-09-14T19:27:53.958Z"}
{"level":"info","message":"463HPDcdQE1T4tDfPgJniGePXi827gZYf27h9LEqVTb3 PLAY FOR 0.25 | result: WIN (SUCCESS)","timestamp":"2022-09-14T19:28:01.000Z"}
{"level":"info","message":"463HPDcdQE1T4tDfPgJniGePXi827gZYf27h9LEqVTb3 WITHDRAW 1.7 (SUCCESS)","timestamp":"2022-09-14T19:28:15.131Z"}
{"level":"info","message":"463HPDcdQE1T4tDfPgJniGePXi827gZYf27h9LEqVTb3 SET BALANCE => 1 | signature: 5KdAddpmBc4eS7FztjXAuzr7JqE2qfUEnVF1Ybb5rtrLwuWUg9JJoTwqg1JTEpWiFvYRd5F6vQnRedP9eMBhEt7r (SUCCESS)","timestamp":"2022-09-14T19:38:34.508Z"}
{"level":"info","message":"463HPDcdQE1T4tDfPgJniGePXi827gZYf27h9LEqVTb3 PLAY FOR 0.25 | result: WIN (SUCCESS)","timestamp":"2022-09-14T19:38:39.237Z"}
{"level":"info","message":"463HPDcdQE1T4tDfPgJniGePXi827gZYf27h9LEqVTb3 PLAY FOR 0.5 | result: WIN (SUCCESS)","timestamp":"2022-09-14T19:38:48.373Z"}
{"level":"info","message":"463HPDcdQE1T4tDfPgJniGePXi827gZYf27h9LEqVTb3 PLAY FOR 0.5 | result: WIN (SUCCESS)","timestamp":"2022-09-14T19:38:57.875Z"}
{"level":"info","message":"463HPDcdQE1T4tDfPgJniGePXi827gZYf27h9LEqVTb3 PLAY FOR 1.5 | result: LOSE (SUCCESS)","timestamp":"2022-09-14T19:39:14.938Z"}
{"level":"info","message":"463HPDcdQE1T4tDfPgJniGePXi827gZYf27h9LEqVTb3 PLAY FOR 0.5 | result: WIN (SUCCESS)","timestamp":"2022-09-14T19:39:24.589Z"}
{"level":"info","message":"463HPDcdQE1T4tDfPgJniGePXi827gZYf27h9LEqVTb3 WITHDRAW 3 (SUCCESS)","timestamp":"2022-09-14T19:39:37.595Z"}
